INFO: [SIM 2] *************** CSIM start ***************
INFO: [SIM 4] CSIM will launch GCC as the compiler.
   Compiling(apcc) ../../../main.c in debug mode
INFO: [HLS 200-10] Running 'E:/Vivado2018.3/vivado2018.3/Vivado/2018.3/bin/unwrapped/win64.o/apcc.exe'
INFO: [HLS 200-10] For user 'pc' on host 'desktop-4efd21p' (Windows NT_amd64 version 6.2) on Sun Aug 07 16:29:21 +0800 2022
INFO: [HLS 200-10] In directory 'E:/Vivado_project/locate_HLS/solution1/csim/build'
INFO: [APCC 202-3] Tmp directory is apcc_db
INFO: [APCC 202-1] APCC is done.
   Compiling(apcc) ../../../top.c in debug mode
INFO: [HLS 200-10] Running 'E:/Vivado2018.3/vivado2018.3/Vivado/2018.3/bin/unwrapped/win64.o/apcc.exe'
INFO: [HLS 200-10] For user 'pc' on host 'desktop-4efd21p' (Windows NT_amd64 version 6.2) on Sun Aug 07 16:29:35 +0800 2022
INFO: [HLS 200-10] In directory 'E:/Vivado_project/locate_HLS/solution1/csim/build'
INFO: [APCC 202-3] Tmp directory is apcc_db
INFO: [APCC 202-1] APCC is done.
   Generating csim.exe
0.000000
0.025397
0.027334
0.031322
0.034958
0.038423
0.042033
0.044999
0.049069
0.052070
0.055055
0.058801
0.062380
0.066089
0.070501
0.073854
0.077739
0.081160
0.084535
0.053527
-0.131886
0.186485
0.749252
1.542327
1.803930
1.864192
1.171821
-0.624457
-1.695703
-3.172917
-4.935874
-6.000556
-7.196916
-9.152389
-10.335958
-11.573544
-12.922014
-12.605753
-12.000832
-11.229758
-10.527292
-9.903375
-8.987097
-8.561667
-8.054128
-7.134138
-6.547287
-5.798898
-5.013876
-4.397491
-3.385961
-2.643832
-1.999028
-0.996945
-0.493445
0.307614
0.929215
1.364813
2.127610
2.863023
3.370583
4.249870
4.924136
5.555960
6.643942
7.228665
8.255295
9.809557
11.038278
12.809366
14.484134
15.744527
18.023506
19.353189
20.540266
22.695377
23.819706
25.194481
27.011621
28.261482
30.110296
31.713594
32.996426
35.204823
36.375301
38.221893
40.004055
41.231892
43.385086
44.668888
46.020309
48.084843
49.316555
50.904957
52.677029
53.919785
55.896290
57.286983
58.583179
60.793522
62.015247
63.690792
65.474152
66.716812
68.970795
70.210335
71.846909
73.821251
75.036705
77.243629
78.449036
79.971939
81.898262
83.180237
85.509399
86.761566
88.566170
90.363403
91.561852
93.799202
95.003212
96.631935
98.461548
99.786003
102.031296
103.201843
104.981628
105.422188
105.229973
104.354469
103.827499
103.235916
102.501030
102.018936
101.115211
100.483284
100.094482
98.882378
98.419098
97.625153
96.817902
96.329460
95.382965
94.830597
94.032631
93.260071
92.608131
91.742416
91.252304
90.341423
89.852814
89.058754
88.283852
87.735100
86.815659
86.304321
84.612267
83.166595
81.523590
79.701981
78.484634
76.161285
74.939926
72.803627
71.584480
69.631004
67.937447
66.476494
64.428123
63.235352
61.008839
59.796631
57.807568
56.147102
54.842632
52.579288
51.341980
49.383354
47.785374
46.509266
44.468914
43.296272
41.430969
39.744301
38.287308
36.358486
35.142914
32.823517
31.513241
30.005392
27.916862
26.695124
24.543560
23.220493
21.723665
19.700686
18.532677
16.318472
14.942504
13.321598
11.127292
9.940205
7.665534
6.337433
4.851152
2.735570
1.502974
-0.848082
-2.179615
-4.072886
-5.795784
-7.100092
-9.374078
-10.494686
-12.527645
-13.134432
-13.008454
-11.788825
-11.202333
-10.372840
-9.851686
-9.297220
-8.486524
-8.079217
-7.311863
-6.904810
-6.052565
-5.520461
-4.890287
-4.245840
-3.757469
-2.940710
-2.412016
-1.420943
-0.927449
-0.350014
0.230363
0.779827
1.745978
1.959706
2.866414
3.619308
4.402652
6.148410
7.487757
9.968109
11.223168
13.458137
14.763127
16.698044
18.566008
19.929552
22.149555
23.372242
25.512468
26.911154
28.485577
30.553072
31.796064
34.234684
35.449451
37.486629
39.178307
40.807632
42.948883
44.315529
46.715935
47.945702
50.151783
51.541050
53.330025
55.076389
55.767048
55.382618
54.971363
54.120148
53.757000
53.116829
52.760574
52.044491
51.356606
50.933472
50.139355
49.762047
49.264328
48.807178
48.432892
47.626175
47.164616
46.247147
45.928627
45.254871
44.891701
44.390640
43.829388
43.409897
42.829124
42.114746
40.164890
38.795231
36.280457
34.878510
32.790913
30.991661
29.267586
27.135981
25.869850
23.817217
22.425631
20.523407
18.797489
17.127825
15.065693
13.768646
11.328179
9.939583
7.451324
6.071498
4.921632
4.878914
4.583990
4.359937
4.366548
4.596364
4.603955
4.607625
4.611582
4.615143
4.618633
4.622676
INFO: [SIM 1] CSim done with 0 errors.
INFO: [SIM 3] *************** CSIM finish ***************
